<?xml version="1.0" encoding="UTF-8"?>
<!-- Generated by org.testng.reporters.JUnitReportReporter -->
<testsuite hostname="DESKTOP-A8J7QHQ" failures="0" tests="15" name="pagetests.HomePageTest" time="165.064" errors="0" timestamp="2023-03-25T13:43:57 EDT" skipped="0">
  <testcase classname="pagetests.HomePageTest" name="VerifyPillowPrice" time="2.927"/>
  <system-out/>
  <testcase classname="pagetests.HomePageTest" name="VerifyCheckoutPopup" time="2.282"/>
  <system-out/>
  <testcase classname="pagetests.HomePageTest" name="VerifyInputsAreVisible" time="4.586"/>
  <system-out/>
  <testcase classname="pagetests.HomePageTest" name="VerifyInputIsEditable" time="8.738"/>
  <system-out/>
  <testcase classname="pagetests.HomePageTest" name="VerifyClickOnCheckout" time="6.148"/>
  <system-out/>
  <testcase classname="pagetests.HomePageTest" name="VerifyProductDetailsonOrderSummeryPopup" time="5.331"/>
  <system-out/>
  <testcase classname="pagetests.HomePageTest" name="VerifyPaymentPageFromOrderSummary" time="7.760"/>
  <system-out/>
  <testcase classname="pagetests.HomePageTest" name="VerifyAllPaymentOptionsListedOnPayment" time="6.044"/>
  <system-out/>
  <testcase classname="pagetests.HomePageTest" name="VerifyUserClickingOnDebitOrCreditCardRedirectsToCardDetailsScreen" time="9.267"/>
  <system-out/>
  <testcase classname="pagetests.HomePageTest" name="verifyOrderAmountAfterApplyingCoupon" time="9.964"/>
  <system-out/>
  <testcase classname="pagetests.HomePageTest" name="EnterValidCardDetailsAndClickPayNow" time="9.838"/>
  <system-out/>
  <testcase classname="pagetests.HomePageTest" name="VerifyClickingOnPaynowRedirectUserToBankPaymentScreen" time="25.106"/>
  <system-out/>
  <testcase classname="pagetests.HomePageTest" name="VerifyClickingOnOKButtonWithValidOTPRedirectToOrderSuccssfullscreen" time="26.484"/>
  <system-out/>
  <testcase classname="pagetests.HomePageTest" name="VerifyClickingOnOKButtonWithInValidOTPRedirectToOrderSuccssfullscreen" time="20.068"/>
  <system-out/>
  <testcase classname="pagetests.HomePageTest" name="VerifyClickingOnCancleButtonShouldRedirectUserToOrderFailedScreen" time="20.521"/>
  <system-out/>
</testsuite> <!-- pagetests.HomePageTest -->
